Started GET "/" for 127.0.0.1 at 2021-01-26 18:22:38 -0600
  
ActiveRecord::ConnectionNotEstablished (could not connect to server: No such file or directory
	Is the server running locally and accepting
	connections on Unix domain socket "/tmp/.s.PGSQL.5432"?
):
  
activerecord (6.1.1) lib/active_record/connection_adapters/postgresql_adapter.rb:83:in `rescue in new_client'
activerecord (6.1.1) lib/active_record/connection_adapters/postgresql_adapter.rb:77:in `new_client'
activerecord (6.1.1) lib/active_record/connection_adapters/postgresql_adapter.rb:37:in `postgresql_connection'
activerecord (6.1.1) lib/active_record/connection_adapters/abstract/connection_pool.rb:882:in `public_send'
activerecord (6.1.1) lib/active_record/connection_adapters/abstract/connection_pool.rb:882:in `new_connection'
activerecord (6.1.1) lib/active_record/connection_adapters/abstract/connection_pool.rb:926:in `checkout_new_connection'
activerecord (6.1.1) lib/active_record/connection_adapters/abstract/connection_pool.rb:905:in `try_to_checkout_new_connection'
activerecord (6.1.1) lib/active_record/connection_adapters/abstract/connection_pool.rb:866:in `acquire_connection'
activerecord (6.1.1) lib/active_record/connection_adapters/abstract/connection_pool.rb:588:in `checkout'
activerecord (6.1.1) lib/active_record/connection_adapters/abstract/connection_pool.rb:428:in `connection'
activerecord (6.1.1) lib/active_record/connection_adapters/abstract/connection_pool.rb:1128:in `retrieve_connection'
activerecord (6.1.1) lib/active_record/connection_handling.rb:319:in `retrieve_connection'
activerecord (6.1.1) lib/active_record/connection_handling.rb:275:in `connection'
activerecord (6.1.1) lib/active_record/migration.rb:611:in `connection'
activerecord (6.1.1) lib/active_record/migration.rb:606:in `build_watcher'
activerecord (6.1.1) lib/active_record/migration.rb:588:in `block in call'
activerecord (6.1.1) lib/active_record/migration.rb:587:in `synchronize'
activerecord (6.1.1) lib/active_record/migration.rb:587:in `call'
actionpack (6.1.1) lib/action_dispatch/middleware/callbacks.rb:27:in `block in call'
activesupport (6.1.1) lib/active_support/callbacks.rb:98:in `run_callbacks'
actionpack (6.1.1) lib/action_dispatch/middleware/callbacks.rb:26:in `call'
actionpack (6.1.1) lib/action_dispatch/middleware/executor.rb:14:in `call'
actionpack (6.1.1) lib/action_dispatch/middleware/actionable_exceptions.rb:18:in `call'
actionpack (6.1.1) lib/action_dispatch/middleware/debug_exceptions.rb:29:in `call'
web-console (4.1.0) lib/web_console/middleware.rb:132:in `call_app'
web-console (4.1.0) lib/web_console/middleware.rb:28:in `block in call'
web-console (4.1.0) lib/web_console/middleware.rb:17:in `catch'
web-console (4.1.0) lib/web_console/middleware.rb:17:in `call'
actionpack (6.1.1) lib/action_dispatch/middleware/show_exceptions.rb:33:in `call'
railties (6.1.1) lib/rails/rack/logger.rb:37:in `call_app'
railties (6.1.1) lib/rails/rack/logger.rb:26:in `block in call'
activesupport (6.1.1) lib/active_support/tagged_logging.rb:99:in `block in tagged'
activesupport (6.1.1) lib/active_support/tagged_logging.rb:37:in `tagged'
activesupport (6.1.1) lib/active_support/tagged_logging.rb:99:in `tagged'
railties (6.1.1) lib/rails/rack/logger.rb:26:in `call'
sprockets-rails (3.2.2) lib/sprockets/rails/quiet_assets.rb:13:in `call'
actionpack (6.1.1) lib/action_dispatch/middleware/remote_ip.rb:81:in `call'
actionpack (6.1.1) lib/action_dispatch/middleware/request_id.rb:26:in `call'
rack (2.2.3) lib/rack/method_override.rb:24:in `call'
rack (2.2.3) lib/rack/runtime.rb:22:in `call'
activesupport (6.1.1) lib/active_support/cache/strategy/local_cache_middleware.rb:29:in `call'
actionpack (6.1.1) lib/action_dispatch/middleware/executor.rb:14:in `call'
actionpack (6.1.1) lib/action_dispatch/middleware/static.rb:24:in `call'
rack (2.2.3) lib/rack/sendfile.rb:110:in `call'
actionpack (6.1.1) lib/action_dispatch/middleware/host_authorization.rb:98:in `call'
rack-mini-profiler (2.3.0) lib/mini_profiler/profiler.rb:373:in `call'
webpacker (5.2.1) lib/webpacker/dev_server_proxy.rb:25:in `perform_request'
rack-proxy (0.6.5) lib/rack/proxy.rb:57:in `call'
railties (6.1.1) lib/rails/engine.rb:539:in `call'
puma (5.1.1) lib/puma/configuration.rb:246:in `call'
puma (5.1.1) lib/puma/request.rb:76:in `block in handle_request'
puma (5.1.1) lib/puma/thread_pool.rb:337:in `with_force_shutdown'
puma (5.1.1) lib/puma/request.rb:75:in `handle_request'
puma (5.1.1) lib/puma/server.rb:431:in `process_client'
puma (5.1.1) lib/puma/thread_pool.rb:145:in `block in spawn_thread'
Started GET "/" for 127.0.0.1 at 2021-01-26 18:39:42 -0600
  
ActiveRecord::NoDatabaseError (FATAL:  database "bookcollection_development" does not exist
):
  
activerecord (6.1.1) lib/active_record/connection_adapters/postgresql_adapter.rb:81:in `rescue in new_client'
activerecord (6.1.1) lib/active_record/connection_adapters/postgresql_adapter.rb:77:in `new_client'
activerecord (6.1.1) lib/active_record/connection_adapters/postgresql_adapter.rb:37:in `postgresql_connection'
activerecord (6.1.1) lib/active_record/connection_adapters/abstract/connection_pool.rb:882:in `public_send'
activerecord (6.1.1) lib/active_record/connection_adapters/abstract/connection_pool.rb:882:in `new_connection'
activerecord (6.1.1) lib/active_record/connection_adapters/abstract/connection_pool.rb:926:in `checkout_new_connection'
activerecord (6.1.1) lib/active_record/connection_adapters/abstract/connection_pool.rb:905:in `try_to_checkout_new_connection'
activerecord (6.1.1) lib/active_record/connection_adapters/abstract/connection_pool.rb:866:in `acquire_connection'
activerecord (6.1.1) lib/active_record/connection_adapters/abstract/connection_pool.rb:588:in `checkout'
activerecord (6.1.1) lib/active_record/connection_adapters/abstract/connection_pool.rb:428:in `connection'
activerecord (6.1.1) lib/active_record/connection_adapters/abstract/connection_pool.rb:1128:in `retrieve_connection'
activerecord (6.1.1) lib/active_record/connection_handling.rb:319:in `retrieve_connection'
activerecord (6.1.1) lib/active_record/connection_handling.rb:275:in `connection'
activerecord (6.1.1) lib/active_record/migration.rb:611:in `connection'
activerecord (6.1.1) lib/active_record/migration.rb:606:in `build_watcher'
activerecord (6.1.1) lib/active_record/migration.rb:588:in `block in call'
activerecord (6.1.1) lib/active_record/migration.rb:587:in `synchronize'
activerecord (6.1.1) lib/active_record/migration.rb:587:in `call'
actionpack (6.1.1) lib/action_dispatch/middleware/callbacks.rb:27:in `block in call'
activesupport (6.1.1) lib/active_support/callbacks.rb:98:in `run_callbacks'
actionpack (6.1.1) lib/action_dispatch/middleware/callbacks.rb:26:in `call'
actionpack (6.1.1) lib/action_dispatch/middleware/executor.rb:14:in `call'
actionpack (6.1.1) lib/action_dispatch/middleware/actionable_exceptions.rb:18:in `call'
actionpack (6.1.1) lib/action_dispatch/middleware/debug_exceptions.rb:29:in `call'
web-console (4.1.0) lib/web_console/middleware.rb:132:in `call_app'
web-console (4.1.0) lib/web_console/middleware.rb:28:in `block in call'
web-console (4.1.0) lib/web_console/middleware.rb:17:in `catch'
web-console (4.1.0) lib/web_console/middleware.rb:17:in `call'
actionpack (6.1.1) lib/action_dispatch/middleware/show_exceptions.rb:33:in `call'
railties (6.1.1) lib/rails/rack/logger.rb:37:in `call_app'
railties (6.1.1) lib/rails/rack/logger.rb:26:in `block in call'
activesupport (6.1.1) lib/active_support/tagged_logging.rb:99:in `block in tagged'
activesupport (6.1.1) lib/active_support/tagged_logging.rb:37:in `tagged'
activesupport (6.1.1) lib/active_support/tagged_logging.rb:99:in `tagged'
railties (6.1.1) lib/rails/rack/logger.rb:26:in `call'
sprockets-rails (3.2.2) lib/sprockets/rails/quiet_assets.rb:13:in `call'
actionpack (6.1.1) lib/action_dispatch/middleware/remote_ip.rb:81:in `call'
actionpack (6.1.1) lib/action_dispatch/middleware/request_id.rb:26:in `call'
rack (2.2.3) lib/rack/method_override.rb:24:in `call'
rack (2.2.3) lib/rack/runtime.rb:22:in `call'
activesupport (6.1.1) lib/active_support/cache/strategy/local_cache_middleware.rb:29:in `call'
actionpack (6.1.1) lib/action_dispatch/middleware/executor.rb:14:in `call'
actionpack (6.1.1) lib/action_dispatch/middleware/static.rb:24:in `call'
rack (2.2.3) lib/rack/sendfile.rb:110:in `call'
actionpack (6.1.1) lib/action_dispatch/middleware/host_authorization.rb:98:in `call'
rack-mini-profiler (2.3.0) lib/mini_profiler/profiler.rb:373:in `call'
webpacker (5.2.1) lib/webpacker/dev_server_proxy.rb:25:in `perform_request'
rack-proxy (0.6.5) lib/rack/proxy.rb:57:in `call'
railties (6.1.1) lib/rails/engine.rb:539:in `call'
puma (5.1.1) lib/puma/configuration.rb:246:in `call'
puma (5.1.1) lib/puma/request.rb:76:in `block in handle_request'
puma (5.1.1) lib/puma/thread_pool.rb:337:in `with_force_shutdown'
puma (5.1.1) lib/puma/request.rb:75:in `handle_request'
puma (5.1.1) lib/puma/server.rb:431:in `process_client'
puma (5.1.1) lib/puma/thread_pool.rb:145:in `block in spawn_thread'
  [1m[35m (264.7ms)[0m  [1m[35mCREATE DATABASE "bookcollection_development" ENCODING = 'unicode'[0m
  [1m[35m (111.5ms)[0m  [1m[35mCREATE DATABASE "bookcollection_test" ENCODING = 'unicode'[0m
Started GET "/" for 127.0.0.1 at 2021-01-26 18:42:33 -0600
Processing by WelcomeController#index as HTML
  Rendering layout layouts/application.html.erb
  Rendering welcome/index.html.erb within layouts/application
  Rendered welcome/index.html.erb within layouts/application (Duration: 3.0ms | Allocations: 329)
[Webpacker] Everything's up-to-date. Nothing to do
  Rendered layout layouts/application.html.erb (Duration: 91.9ms | Allocations: 15196)
Completed 200 OK in 122ms (Views: 99.9ms | ActiveRecord: 0.0ms | Allocations: 18319)


  [1m[35m (128.7ms)[0m  [1m[35mCREATE TABLE "schema_migrations" ("version" character varying NOT NULL PRIMARY KEY)[0m
  [1m[35m (64.3ms)[0m  [1m[35mCREATE TABLE "ar_internal_metadata" ("key" character varying NOT NULL PRIMARY KEY, "value" character varying, "created_at" timestamp(6) NOT NULL, "updated_at" timestamp(6) NOT NULL)[0m
  [1m[35m (1.2ms)[0m  [1m[34mSELECT pg_try_advisory_lock(5745974128250785695)[0m
  [1m[35m (1.2ms)[0m  [1m[34mSELECT "schema_migrations"."version" FROM "schema_migrations" ORDER BY "schema_migrations"."version" ASC[0m
Migrating to CreateBooks (20210128175704)
  [1m[35m (0.3ms)[0m  [1m[34mSELECT pg_advisory_unlock(5745974128250785695)[0m
  [1m[35m (0.2ms)[0m  [1m[34mSELECT pg_try_advisory_lock(5745974128250785695)[0m
  [1m[35m (1.5ms)[0m  [1m[34mSELECT "schema_migrations"."version" FROM "schema_migrations" ORDER BY "schema_migrations"."version" ASC[0m
Migrating to CreateBooks (20210128175704)
  [1m[36mTRANSACTION (0.2ms)[0m  [1m[35mBEGIN[0m
  [1m[35m (50.0ms)[0m  [1m[35mCREATE TABLE "books" ("id" bigserial primary key, "title" character varying, "author" character varying, "genre" character varying, "price" float, "publishe_date" character varying, "created_at" timestamp(6) NOT NULL, "updated_at" timestamp(6) NOT NULL)[0m
  [1m[36mActiveRecord::SchemaMigration Create (20.8ms)[0m  [1m[32mINSERT INTO "schema_migrations" ("version") VALUES ($1) RETURNING "version"[0m  [["version", "20210128175704"]]
  [1m[36mTRANSACTION (0.7ms)[0m  [1m[35mCOMMIT[0m
  [1m[36mActiveRecord::InternalMetadata Load (1.2ms)[0m  [1m[34mSELECT "ar_internal_metadata".* FROM "ar_internal_metadata" WHERE "ar_internal_metadata"."key" = $1 LIMIT $2[0m  [["key", "environment"], ["LIMIT", 1]]
  [1m[36mTRANSACTION (0.2ms)[0m  [1m[35mBEGIN[0m
  [1m[36mActiveRecord::InternalMetadata Create (10.2ms)[0m  [1m[32mINSERT INTO "ar_internal_metadata" ("key", "value", "created_at", "updated_at") VALUES ($1, $2, $3, $4) RETURNING "key"[0m  [["key", "environment"], ["value", "development"], ["created_at", "2021-01-28 18:40:05.041798"], ["updated_at", "2021-01-28 18:40:05.041798"]]
  [1m[36mTRANSACTION (0.6ms)[0m  [1m[35mCOMMIT[0m
  [1m[35m (0.2ms)[0m  [1m[34mSELECT pg_advisory_unlock(5745974128250785695)[0m
  [1m[35m (1.2ms)[0m  [1m[34mSELECT "schema_migrations"."version" FROM "schema_migrations" ORDER BY "schema_migrations"."version" ASC[0m
Started GET "/" for 127.0.0.1 at 2021-01-28 12:45:59 -0600
  [1m[35m (1.1ms)[0m  [1m[34mSELECT "schema_migrations"."version" FROM "schema_migrations" ORDER BY "schema_migrations"."version" ASC[0m
Processing by BooksController#index as HTML
  Rendering layout layouts/application.html.erb
  Rendering books/index.html.erb within layouts/application
  Rendered books/index.html.erb within layouts/application (Duration: 4.9ms | Allocations: 293)
[Webpacker] Everything's up-to-date. Nothing to do
  Rendered layout layouts/application.html.erb (Duration: 283.5ms | Allocations: 18315)
Completed 200 OK in 321ms (Views: 290.5ms | ActiveRecord: 0.0ms | Allocations: 21485)


  [1m[35m (4.0ms)[0m  [1m[34mSELECT "schema_migrations"."version" FROM "schema_migrations" ORDER BY "schema_migrations"."version" ASC[0m
  [1m[35m (0.3ms)[0m  [1m[34mSELECT "schema_migrations"."version" FROM "schema_migrations" ORDER BY "schema_migrations"."version" ASC[0m
  [1m[35m (0.2ms)[0m  [1m[34mSELECT "schema_migrations"."version" FROM "schema_migrations" ORDER BY "schema_migrations"."version" ASC[0m
  [1m[35m (14.0ms)[0m  [1m[34mSELECT pg_try_advisory_lock(5745974128250785695)[0m
  [1m[35m (0.7ms)[0m  [1m[34mSELECT "schema_migrations"."version" FROM "schema_migrations" ORDER BY "schema_migrations"."version" ASC[0m
Migrating to CreateBooks (20210128175704)
  [1m[36mTRANSACTION (0.2ms)[0m  [1m[35mBEGIN[0m
  [1m[35m (81.2ms)[0m  [1m[35mDROP TABLE "books"[0m
  [1m[36mActiveRecord::SchemaMigration Destroy (1.0ms)[0m  [1m[31mDELETE FROM "schema_migrations" WHERE "schema_migrations"."version" = $1[0m  [["version", "20210128175704"]]
  [1m[36mTRANSACTION (29.9ms)[0m  [1m[35mCOMMIT[0m
  [1m[35m (0.3ms)[0m  [1m[34mSELECT pg_advisory_unlock(5745974128250785695)[0m
  [1m[35m (1.4ms)[0m  [1m[34mSELECT "schema_migrations"."version" FROM "schema_migrations" ORDER BY "schema_migrations"."version" ASC[0m
  [1m[35m (0.2ms)[0m  [1m[34mSELECT pg_try_advisory_lock(5745974128250785695)[0m
  [1m[35m (0.7ms)[0m  [1m[34mSELECT "schema_migrations"."version" FROM "schema_migrations" ORDER BY "schema_migrations"."version" ASC[0m
Migrating to CreateBooks (20210128175704)
  [1m[36mTRANSACTION (0.4ms)[0m  [1m[35mBEGIN[0m
  [1m[35m (43.7ms)[0m  [1m[35mCREATE TABLE "books" ("id" bigserial primary key, "title" character varying, "author" character varying, "genre" character varying, "price" float, "publishe_date" character varying, "created_at" timestamp(6) NOT NULL, "updated_at" timestamp(6) NOT NULL)[0m
  [1m[36mActiveRecord::SchemaMigration Create (0.3ms)[0m  [1m[32mINSERT INTO "schema_migrations" ("version") VALUES ($1) RETURNING "version"[0m  [["version", "20210128175704"]]
  [1m[36mTRANSACTION (1.2ms)[0m  [1m[35mCOMMIT[0m
  [1m[36mActiveRecord::InternalMetadata Load (0.6ms)[0m  [1m[34mSELECT "ar_internal_metadata".* FROM "ar_internal_metadata" WHERE "ar_internal_metadata"."key" = $1 LIMIT $2[0m  [["key", "environment"], ["LIMIT", 1]]
  [1m[35m (0.3ms)[0m  [1m[34mSELECT pg_advisory_unlock(5745974128250785695)[0m
  [1m[35m (0.8ms)[0m  [1m[34mSELECT "schema_migrations"."version" FROM "schema_migrations" ORDER BY "schema_migrations"."version" ASC[0m
  [1m[36mTRANSACTION (0.2ms)[0m  [1m[35mBEGIN[0m
  [1m[36mBook Create (24.5ms)[0m  [1m[32mINSERT INTO "books" ("title", "author", "genre", "price", "publishe_date", "created_at", "updated_at") VALUES ($1, $2, $3, $4, $5, $6, $7) RETURNING "id"[0m  [["title", "firstbook"], ["author", "Yifei"], ["genre", "Romance"], ["price", 16.0], ["publishe_date", "sdasd"], ["created_at", "2021-01-29 01:37:57.599111"], ["updated_at", "2021-01-29 01:37:57.599111"]]
  [1m[36mTRANSACTION (3.3ms)[0m  [1m[35mCOMMIT[0m
Started GET "/" for 127.0.0.1 at 2021-01-28 19:38:26 -0600
Processing by BooksController#index as HTML
  Rendering layout layouts/application.html.erb
  Rendering books/index.html.erb within layouts/application
  [1m[36mBook Load (6.8ms)[0m  [1m[34mSELECT "books".* FROM "books" ORDER BY title[0m
  ↳ app/views/books/index.html.erb:13
  Rendered books/index.html.erb within layouts/application (Duration: 211.3ms | Allocations: 10001)
  Rendered layout layouts/application.html.erb (Duration: 212.2ms | Allocations: 10070)
Completed 500 Internal Server Error in 347ms (ActiveRecord: 41.7ms | Allocations: 14836)


  
ActionView::Template::Error (undefined method `Title' for #<Book id: 1, title: "firstbook", author: "Yifei", genre: "Romance", price: 16.0, publishe_date: "sdasd", created_at: "2021-01-29 01:37:57.599111000 +0000", updated_at: "2021-01-29 01:37:57.599111000 +0000">
Did you mean?  title=
               title?):
    12:     </tr>
    13:     <% @books.each do |book| %>
    14:     <tr>
    15:       <td><%= book.Title %></td>
    16:       <td class="center"><%= book.Genre %></td>
    17:       <td class="center">   <%= book.Author %></td>
    18:       <td class="actions">
  
app/views/books/index.html.erb:15
app/views/books/index.html.erb:13
Started GET "/" for 127.0.0.1 at 2021-01-28 19:38:55 -0600
Processing by BooksController#index as HTML
  Rendering layout layouts/application.html.erb
  Rendering books/index.html.erb within layouts/application
  [1m[36mBook Load (1.1ms)[0m  [1m[34mSELECT "books".* FROM "books" ORDER BY title[0m
  ↳ app/views/books/index.html.erb:13
  Rendered books/index.html.erb within layouts/application (Duration: 8.6ms | Allocations: 4384)
  Rendered layout layouts/application.html.erb (Duration: 8.8ms | Allocations: 4454)
Completed 500 Internal Server Error in 20ms (ActiveRecord: 1.1ms | Allocations: 5791)


  
ActionView::Template::Error (undefined method `Genre' for #<Book id: 1, title: "firstbook", author: "Yifei", genre: "Romance", price: 16.0, publishe_date: "sdasd", created_at: "2021-01-29 01:37:57.599111000 +0000", updated_at: "2021-01-29 01:37:57.599111000 +0000">
Did you mean?  genre=
               genre?):
    13:     <% @books.each do |book| %>
    14:     <tr>
    15:       <td><%= book.title %></td>
    16:       <td class="center"><%= book.Genre %></td>
    17:       <td class="center">   <%= book.Author %></td>
    18:       <td class="actions">
    19:         <%= link_to("Show", subject_path(book), :class => 'action show') %>
  
app/views/books/index.html.erb:16
app/views/books/index.html.erb:13
Started GET "/" for 127.0.0.1 at 2021-01-28 19:39:05 -0600
Processing by BooksController#index as HTML
  Rendering layout layouts/application.html.erb
  Rendering books/index.html.erb within layouts/application
  [1m[36mBook Load (1.5ms)[0m  [1m[34mSELECT "books".* FROM "books" ORDER BY title[0m
  ↳ app/views/books/index.html.erb:13
  Rendered books/index.html.erb within layouts/application (Duration: 16.2ms | Allocations: 4820)
  Rendered layout layouts/application.html.erb (Duration: 16.6ms | Allocations: 4889)
Completed 500 Internal Server Error in 30ms (ActiveRecord: 1.5ms | Allocations: 6212)


  
ActionView::Template::Error (undefined method `subject_path' for #<ActionView::Base:0x000000000096f0>):
    16:       <td class="center"><%= book.genre %></td>
    17:       <td class="center">   <%= book.author %></td>
    18:       <td class="actions">
    19:         <%= link_to("Show", subject_path(book), :class => 'action show') %>
    20:         <%= link_to("Edit", edit_subject_path(book), :class => 'action edit') %>
    21:         <%= link_to("Delete", delete_subject_path(book), :class => 'action delete') %>
    22:       </td>
  
app/views/books/index.html.erb:19
app/views/books/index.html.erb:13
Started GET "/" for 127.0.0.1 at 2021-01-28 19:40:10 -0600
Processing by BooksController#index as HTML
  Rendering layout layouts/application.html.erb
  Rendering books/index.html.erb within layouts/application
  [1m[36mBook Load (17.7ms)[0m  [1m[34mSELECT "books".* FROM "books" ORDER BY title[0m
  ↳ app/views/books/index.html.erb:13
  Rendered books/index.html.erb within layouts/application (Duration: 20.7ms | Allocations: 1095)
[Webpacker] Everything's up-to-date. Nothing to do
  Rendered layout layouts/application.html.erb (Duration: 61.9ms | Allocations: 4799)
Completed 200 OK in 70ms (Views: 48.8ms | ActiveRecord: 17.7ms | Allocations: 6159)


Started GET "/subject_path(book)" for 127.0.0.1 at 2021-01-28 19:40:13 -0600
  
ActionController::RoutingError (No route matches [GET] "/subject_path(book)"):
  
Started GET "/" for 127.0.0.1 at 2021-01-28 19:40:16 -0600
Processing by BooksController#index as HTML
  Rendering layout layouts/application.html.erb
  Rendering books/index.html.erb within layouts/application
  [1m[36mBook Load (7.6ms)[0m  [1m[34mSELECT "books".* FROM "books" ORDER BY title[0m
  ↳ app/views/books/index.html.erb:13
  Rendered books/index.html.erb within layouts/application (Duration: 10.9ms | Allocations: 813)
[Webpacker] Everything's up-to-date. Nothing to do
  Rendered layout layouts/application.html.erb (Duration: 35.5ms | Allocations: 4273)
Completed 200 OK in 47ms (Views: 30.1ms | ActiveRecord: 7.6ms | Allocations: 4867)


Started GET "/" for 127.0.0.1 at 2021-01-28 19:42:20 -0600
Processing by BooksController#index as HTML
  Rendering layout layouts/application.html.erb
  Rendering books/index.html.erb within layouts/application
  [1m[36mBook Load (1.5ms)[0m  [1m[34mSELECT "books".* FROM "books" ORDER BY title[0m
  ↳ app/views/books/index.html.erb:13
  Rendered books/index.html.erb within layouts/application (Duration: 5.5ms | Allocations: 1148)
[Webpacker] Everything's up-to-date. Nothing to do
  Rendered layout layouts/application.html.erb (Duration: 26.2ms | Allocations: 4853)
Completed 200 OK in 35ms (Views: 28.4ms | ActiveRecord: 1.5ms | Allocations: 6225)


Started GET "/books/1" for 127.0.0.1 at 2021-01-28 19:42:21 -0600
Processing by BooksController#show as HTML
  Parameters: {"id"=>"1"}
  Rendering layout layouts/application.html.erb
  Rendering books/show.html.erb within layouts/application
  Rendered books/show.html.erb within layouts/application (Duration: 4.8ms | Allocations: 107)
[Webpacker] Everything's up-to-date. Nothing to do
  Rendered layout layouts/application.html.erb (Duration: 41.0ms | Allocations: 4181)
Completed 200 OK in 44ms (Views: 41.7ms | ActiveRecord: 0.0ms | Allocations: 4756)


Started GET "/" for 127.0.0.1 at 2021-01-28 21:06:21 -0600
  [1m[35m (3.0ms)[0m  [1m[34mSELECT "schema_migrations"."version" FROM "schema_migrations" ORDER BY "schema_migrations"."version" ASC[0m
Processing by BooksController#index as HTML
  Rendering layout layouts/application.html.erb
  Rendering books/index.html.erb within layouts/application
  [1m[36mBook Load (2.2ms)[0m  [1m[34mSELECT "books".* FROM "books" ORDER BY title[0m
  ↳ app/views/books/index.html.erb:13
  Rendered books/index.html.erb within layouts/application (Duration: 119.2ms | Allocations: 6461)
[Webpacker] Everything's up-to-date. Nothing to do
  Rendered layout layouts/application.html.erb (Duration: 157.4ms | Allocations: 12781)
Completed 200 OK in 176ms (Views: 144.4ms | ActiveRecord: 17.4ms | Allocations: 16443)


Started GET "/books/new" for 127.0.0.1 at 2021-01-28 21:06:23 -0600
Processing by BooksController#new as HTML
Completed 400 Bad Request in 1ms (ActiveRecord: 0.0ms | Allocations: 660)


  
ActionController::ParameterMissing (param is missing or the value is empty: book
Did you mean?  controller
               action):
  
app/controllers/books_controller.rb:38:in `book_params'
app/controllers/books_controller.rb:11:in `new'
Started GET "/books/new" for 127.0.0.1 at 2021-01-28 21:06:44 -0600
Processing by BooksController#new as HTML
Completed 400 Bad Request in 1ms (ActiveRecord: 0.0ms | Allocations: 604)


  
ActionController::ParameterMissing (param is missing or the value is empty: book
Did you mean?  controller
               action):
  
app/controllers/books_controller.rb:38:in `book_params'
app/controllers/books_controller.rb:11:in `new'
Started GET "/" for 127.0.0.1 at 2021-01-28 21:08:03 -0600
Processing by BooksController#index as HTML
  Rendering layout layouts/application.html.erb
  Rendering books/index.html.erb within layouts/application
  [1m[36mBook Load (1.3ms)[0m  [1m[34mSELECT "books".* FROM "books" ORDER BY title[0m
  ↳ app/views/books/index.html.erb:13
  Rendered books/index.html.erb within layouts/application (Duration: 19.9ms | Allocations: 5319)
[Webpacker] Everything's up-to-date. Nothing to do
  Rendered layout layouts/application.html.erb (Duration: 28.4ms | Allocations: 9002)
Completed 200 OK in 36ms (Views: 21.8ms | ActiveRecord: 10.2ms | Allocations: 10846)


Started GET "/books/new" for 127.0.0.1 at 2021-01-28 21:08:05 -0600
Processing by BooksController#new as HTML
  Rendering layout layouts/application.html.erb
  Rendering books/new.html.erb within layouts/application
  Rendered books/new.html.erb within layouts/application (Duration: 21.9ms | Allocations: 4272)
  Rendered layout layouts/application.html.erb (Duration: 22.2ms | Allocations: 4340)
Completed 500 Internal Server Error in 25ms (ActiveRecord: 0.0ms | Allocations: 4931)


  
ActionView::Template::Error (undefined local variable or method `subjects_path' for #<ActionView::Base:0x00000000009920>):
    1: <%= link_to("<< Back to Book Collection", subjects_path, :class => 'back-link') %>
    2: 
    3: <div class="book new">
    4:   <h2>Create book</h2>
  
app/views/books/new.html.erb:1
Started GET "/" for 127.0.0.1 at 2021-01-28 21:43:54 -0600
Processing by BooksController#index as HTML
  Rendering layout layouts/application.html.erb
  Rendering books/index.html.erb within layouts/application
  [1m[36mBook Load (2.9ms)[0m  [1m[34mSELECT "books".* FROM "books" ORDER BY title[0m
  ↳ app/views/books/index.html.erb:13
  Rendered books/index.html.erb within layouts/application (Duration: 12.5ms | Allocations: 1234)
[Webpacker] Everything's up-to-date. Nothing to do
  Rendered layout layouts/application.html.erb (Duration: 45.3ms | Allocations: 4936)
Completed 200 OK in 315ms (Views: 46.0ms | ActiveRecord: 68.1ms | Allocations: 9223)


Started GET "/books/new" for 127.0.0.1 at 2021-01-28 21:43:56 -0600
Processing by BooksController#new as HTML
  Rendering layout layouts/application.html.erb
  Rendering books/new.html.erb within layouts/application
  Rendered books/_form.html.erb (Duration: 31.7ms | Allocations: 4161)
  Rendered books/new.html.erb within layouts/application (Duration: 45.8ms | Allocations: 5094)
  Rendered layout layouts/application.html.erb (Duration: 46.3ms | Allocations: 5162)
Completed 500 Internal Server Error in 50ms (ActiveRecord: 0.0ms | Allocations: 5713)


  
ActionView::Template::Error (undefined method `error_messages_for' for #<ActionView::Base:0x00000000009ec0>):
    1: <%error_messages_for(f.object)%>    
    2:     <table summary="Subject form fields">
    3:       <tr>
    4:         <th>Title</th>
  
app/views/books/_form.html.erb:1
app/views/books/new.html.erb:8
app/views/books/new.html.erb:6
Started GET "/books/new" for 127.0.0.1 at 2021-01-28 21:44:26 -0600
Processing by BooksController#new as HTML
  Rendering layout layouts/application.html.erb
  Rendering books/new.html.erb within layouts/application
  Rendered books/_form.html.erb (Duration: 21.8ms | Allocations: 3214)
  Rendered books/new.html.erb within layouts/application (Duration: 27.2ms | Allocations: 3892)
[Webpacker] Everything's up-to-date. Nothing to do
  Rendered layout layouts/application.html.erb (Duration: 36.8ms | Allocations: 7479)
Completed 200 OK in 42ms (Views: 39.9ms | ActiveRecord: 0.0ms | Allocations: 8704)


Started GET "/books/new" for 127.0.0.1 at 2021-01-28 21:45:38 -0600
Processing by BooksController#new as HTML
  Rendering layout layouts/application.html.erb
  Rendering books/new.html.erb within layouts/application
  Rendered books/_form.html.erb (Duration: 1.2ms | Allocations: 417)
  Rendered books/new.html.erb within layouts/application (Duration: 6.8ms | Allocations: 1055)
[Webpacker] Everything's up-to-date. Nothing to do
  Rendered layout layouts/application.html.erb (Duration: 32.6ms | Allocations: 4732)
Completed 200 OK in 45ms (Views: 43.5ms | ActiveRecord: 0.0ms | Allocations: 5953)


Started GET "/books/new" for 127.0.0.1 at 2021-01-28 21:51:13 -0600
Processing by BooksController#new as HTML
  Rendering layout layouts/application.html.erb
  Rendering books/new.html.erb within layouts/application
  Rendered books/_form.html.erb (Duration: 40.8ms | Allocations: 6897)
  Rendered books/new.html.erb within layouts/application (Duration: 43.3ms | Allocations: 7535)
[Webpacker] Everything's up-to-date. Nothing to do
  Rendered layout layouts/application.html.erb (Duration: 65.8ms | Allocations: 11124)
Completed 200 OK in 73ms (Views: 71.2ms | Allocations: 12343)


Started POST "/books" for 127.0.0.1 at 2021-01-28 21:51:32 -0600
Processing by BooksController#create as HTML
  Parameters: {"authenticity_token"=>"[FILTERED]", "book"=>{"title"=>"Second Book", "author"=>"Yifei", "genre"=>"Adventure", "price"=>"18.0", "publishe_date(2i)"=>"1", "publishe_date(3i)"=>"29", "publishe_date(1i)"=>"2022"}, "commit"=>"Create Book"}
[31mUnpermitted parameters: :author, :publishe_date(2i), :publishe_date(3i), :publishe_date(1i)[0m
  [1m[36mTRANSACTION (0.9ms)[0m  [1m[35mBEGIN[0m
  ↳ app/controllers/books_controller.rb:18:in `create'
  [1m[36mBook Create (29.5ms)[0m  [1m[32mINSERT INTO "books" ("title", "genre", "price", "created_at", "updated_at") VALUES ($1, $2, $3, $4, $5) RETURNING "id"[0m  [["title", "Second Book"], ["genre", "Adventure"], ["price", 18.0], ["created_at", "2021-01-29 03:51:32.560137"], ["updated_at", "2021-01-29 03:51:32.560137"]]
  ↳ app/controllers/books_controller.rb:18:in `create'
  [1m[36mTRANSACTION (7.7ms)[0m  [1m[35mCOMMIT[0m
  ↳ app/controllers/books_controller.rb:18:in `create'
Redirected to http://127.0.0.1:3000/books
Completed 302 Found in 84ms (ActiveRecord: 58.6ms | Allocations: 6151)


Started GET "/books" for 127.0.0.1 at 2021-01-28 21:51:32 -0600
Processing by BooksController#index as HTML
  Rendering layout layouts/application.html.erb
  Rendering books/index.html.erb within layouts/application
  [1m[36mBook Load (2.0ms)[0m  [1m[34mSELECT "books".* FROM "books" ORDER BY title[0m
  ↳ app/views/books/index.html.erb:13
  Rendered books/index.html.erb within layouts/application (Duration: 5.9ms | Allocations: 1288)
[Webpacker] Everything's up-to-date. Nothing to do
  Rendered layout layouts/application.html.erb (Duration: 14.1ms | Allocations: 4749)
Completed 200 OK in 18ms (Views: 12.9ms | ActiveRecord: 2.0ms | Allocations: 5469)


Started GET "/books" for 127.0.0.1 at 2021-01-28 21:52:23 -0600
Processing by BooksController#index as HTML
  Rendering layout layouts/application.html.erb
  Rendering books/index.html.erb within layouts/application
  [1m[36mBook Load (2.9ms)[0m  [1m[34mSELECT "books".* FROM "books" ORDER BY id[0m
  ↳ app/views/books/index.html.erb:13
  Rendered books/index.html.erb within layouts/application (Duration: 26.6ms | Allocations: 5429)
[Webpacker] Everything's up-to-date. Nothing to do
  Rendered layout layouts/application.html.erb (Duration: 35.5ms | Allocations: 8939)
Completed 200 OK in 42ms (Views: 18.6ms | ActiveRecord: 18.4ms | Allocations: 10162)


Started GET "/books/new" for 127.0.0.1 at 2021-01-28 21:52:25 -0600
Processing by BooksController#new as HTML
  Rendering layout layouts/application.html.erb
  Rendering books/new.html.erb within layouts/application
  Rendered books/_form.html.erb (Duration: 2.5ms | Allocations: 1091)
  Rendered books/new.html.erb within layouts/application (Duration: 4.2ms | Allocations: 1463)
[Webpacker] Everything's up-to-date. Nothing to do
  Rendered layout layouts/application.html.erb (Duration: 27.5ms | Allocations: 4911)
Completed 200 OK in 30ms (Views: 28.6ms | ActiveRecord: 0.0ms | Allocations: 5382)


Started POST "/books" for 127.0.0.1 at 2021-01-28 21:52:37 -0600
Processing by BooksController#create as HTML
  Parameters: {"authenticity_token"=>"[FILTERED]", "book"=>{"title"=>"third Book", "author"=>"sadas", "genre"=>"Romance", "price"=>"231", "publishe_date(2i)"=>"1", "publishe_date(3i)"=>"29", "publishe_date(1i)"=>"2021"}, "commit"=>"Create Book"}
[31mUnpermitted parameters: :author, :publishe_date(2i), :publishe_date(3i), :publishe_date(1i)[0m
  [1m[36mTRANSACTION (1.5ms)[0m  [1m[35mBEGIN[0m
  ↳ app/controllers/books_controller.rb:18:in `create'
  [1m[36mBook Create (1.3ms)[0m  [1m[32mINSERT INTO "books" ("title", "genre", "price", "created_at", "updated_at") VALUES ($1, $2, $3, $4, $5) RETURNING "id"[0m  [["title", "third Book"], ["genre", "Romance"], ["price", 231.0], ["created_at", "2021-01-29 03:52:37.557332"], ["updated_at", "2021-01-29 03:52:37.557332"]]
  ↳ app/controllers/books_controller.rb:18:in `create'
  [1m[36mTRANSACTION (2.2ms)[0m  [1m[35mCOMMIT[0m
  ↳ app/controllers/books_controller.rb:18:in `create'
Redirected to http://127.0.0.1:3000/books
Completed 302 Found in 13ms (ActiveRecord: 5.0ms | Allocations: 2726)


Started GET "/books" for 127.0.0.1 at 2021-01-28 21:52:37 -0600
Processing by BooksController#index as HTML
  Rendering layout layouts/application.html.erb
  Rendering books/index.html.erb within layouts/application
  [1m[36mBook Load (1.2ms)[0m  [1m[34mSELECT "books".* FROM "books" ORDER BY id[0m
  ↳ app/views/books/index.html.erb:13
  Rendered books/index.html.erb within layouts/application (Duration: 3.2ms | Allocations: 1033)
[Webpacker] Everything's up-to-date. Nothing to do
  Rendered layout layouts/application.html.erb (Duration: 13.1ms | Allocations: 4493)
Completed 200 OK in 15ms (Views: 12.6ms | ActiveRecord: 1.2ms | Allocations: 5085)


Started GET "/books/new" for 127.0.0.1 at 2021-01-28 21:53:32 -0600
Processing by BooksController#new as HTML
  Rendering layout layouts/application.html.erb
  Rendering books/new.html.erb within layouts/application
  Rendered books/_form.html.erb (Duration: 1.3ms | Allocations: 1078)
  Rendered books/new.html.erb within layouts/application (Duration: 2.5ms | Allocations: 1363)
[Webpacker] Everything's up-to-date. Nothing to do
  Rendered layout layouts/application.html.erb (Duration: 44.8ms | Allocations: 5424)
Completed 200 OK in 47ms (Views: 46.4ms | ActiveRecord: 0.0ms | Allocations: 5885)


